<?xml version="1.0" encoding="UTF-8"?>
<testsuite xmlns:xsi="http://www.w3.org/2001/XMLSchema-instance" xsi:noNamespaceSchemaLocation="https://maven.apache.org/surefire/maven-surefire-plugin/xsd/surefire-test-report-3.0.xsd" version="3.0" name="com.PracticalAssignment.assignP.AssignPApplicationTests" time="10.637" tests="1" errors="0" skipped="0" failures="0">
  <properties>
[...]
</properties>
  <testcase name="contextLoads" classname="com.PracticalAssignment.assignP.AssignPApplicationTests" time="0.966">
    <system-out><![CDATA[15:30:44.040 [main] INFO org.springframework.test.context.support.AnnotationConfigContextLoaderUtils -- Could not detect default configuration classes for test class [com.PracticalAssignment.assignP.AssignPApplicationTests]: AssignPApplicationTests does not declare any static, non-private, non-final, nested classes annotated with @Configuration.
15:30:44.235 [main] INFO org.springframework.boot.test.context.SpringBootTestContextBootstrapper -- Found @SpringBootConfiguration com.PracticalAssignment.assignP.AssignPApplication for test class com.PracticalAssignment.assignP.AssignPApplicationTests

  .   ____          _            __ _ _
 /\\ / ___'_ __ _ _(_)_ __  __ _ \ \ \ \
( ( )\___ | '_ | '_| | '_ \/ _` | \ \ \ \
 \\/  ___)| |_)| | | | | || (_| |  ) ) ) )
  '  |____| .__|_| |_|_| |_\__, | / / / /
 =========|_|==============|___/=/_/_/_/
 :: Spring Boot ::                (v3.2.4)

2026-04-16T15:30:45.069+02:00  INFO 14096 --- [assignP] [           main] c.P.assignP.AssignPApplicationTests      : Starting AssignPApplicationTests using Java 21.0.9 with PID 14096 (started by E. Kamondo in C:\Users\E. Kamondo\Desktop\Final\assignP)
2026-04-16T15:30:45.071+02:00 DEBUG 14096 --- [assignP] [           main] c.P.assignP.AssignPApplicationTests      : Running with Spring Boot v3.2.4, Spring v6.1.5
2026-04-16T15:30:45.072+02:00  INFO 14096 --- [assignP] [           main] c.P.assignP.AssignPApplicationTests      : The following 1 profile is active: "test"
2026-04-16T15:30:48.120+02:00  INFO 14096 --- [assignP] [           main] o.hibernate.jpa.internal.util.LogHelper  : HHH000204: Processing PersistenceUnitInfo [name: default]
2026-04-16T15:30:48.267+02:00  INFO 14096 --- [assignP] [           main] org.hibernate.Version                    : HHH000412: Hibernate ORM core version 6.4.4.Final
2026-04-16T15:30:48.407+02:00  INFO 14096 --- [assignP] [           main] o.h.c.internal.RegionFactoryInitiator    : HHH000026: Second-level cache disabled
2026-04-16T15:30:48.955+02:00  INFO 14096 --- [assignP] [           main] com.zaxxer.hikari.HikariDataSource       : HikariPool-1 - Starting...
2026-04-16T15:30:49.298+02:00  INFO 14096 --- [assignP] [           main] com.zaxxer.hikari.pool.HikariPool        : HikariPool-1 - Added connection conn0: url=jdbc:h2:mem:testdb user=SA
2026-04-16T15:30:49.301+02:00  INFO 14096 --- [assignP] [           main] com.zaxxer.hikari.HikariDataSource       : HikariPool-1 - Start completed.
2026-04-16T15:30:49.361+02:00  WARN 14096 --- [assignP] [           main] org.hibernate.orm.deprecation            : HHH90000025: H2Dialect does not need to be specified explicitly using 'hibernate.dialect' (remove the property setting and it will be selected by default)
2026-04-16T15:30:50.849+02:00  INFO 14096 --- [assignP] [           main] o.h.e.t.j.p.i.JtaPlatformInitiator       : HHH000489: No JTA platform available (set 'hibernate.transaction.jta.platform' to enable JTA platform integration)
2026-04-16T15:30:52.042+02:00  WARN 14096 --- [assignP] [           main] JpaBaseConfiguration$JpaWebConfiguration : spring.jpa.open-in-view is enabled by default. Therefore, database queries may be performed during view rendering. Explicitly configure spring.jpa.open-in-view to disable this warning
2026-04-16T15:30:53.368+02:00  INFO 14096 --- [assignP] [           main] c.P.assignP.AssignPApplicationTests      : Started AssignPApplicationTests in 8.794 seconds (process running for 10.721)
]]></system-out>
    <system-err><![CDATA[WARNING: A Java agent has been loaded dynamically (C:\Users\E. Kamondo\.m2\repository\net\bytebuddy\byte-buddy-agent\1.14.12\byte-buddy-agent-1.14.12.jar)
WARNING: If a serviceability tool is in use, please run with -XX:+EnableDynamicAgentLoading to hide this warning
WARNING: If a serviceability tool is not in use, please run with -Djdk.instrument.traceUsage for more information
WARNING: Dynamic loading of agents will be disallowed by default in a future release
]]></system-err>
  </testcase>
</testsuite>